<?xml version="1.0" encoding="UTF-8"?>
<!-- Generated by org.testng.reporters.JUnitReportReporter -->
<testsuite hostname="LAPTOP-QSDOH0RR" failures="0" tests="2" name="com.test.VerifyLoginPage" time="4.559" errors="0" timestamp="2024-07-20T19:38:04 IST" skipped="0">
  <testcase classname="com.test.VerifyLoginPage" name="verifyLoginPage" time="1.700"/>
  <system-out/>
  <testcase classname="com.test.VerifyLoginPage" name="verifyLoginPage" time="2.859"/>
  <system-out/>
</testsuite> <!-- com.test.VerifyLoginPage -->
