<?xml version="1.0" encoding="UTF-8"?>
<!-- Generated by org.testng.reporters.JUnitReportReporter -->
<testsuite hostname="LAPTOP-QSDOH0RR" failures="0" tests="2" name="com.test.VerifyLoginPage" time="3.330" errors="0" timestamp="2024-07-15T11:18:52 IST" skipped="0">
  <testcase classname="com.test.VerifyLoginPage" name="verifyLoginPage" time="1.972"/>
  <system-out/>
  <testcase classname="com.test.VerifyLoginPage" name="verifyLoginPage" time="1.358"/>
  <system-out/>
</testsuite> <!-- com.test.VerifyLoginPage -->
