<?xml version="1.0" encoding="UTF-8"?>
<!-- Generated by org.testng.reporters.JUnitReportReporter -->
<testsuite hostname="LAPTOP-QSDOH0RR" failures="0" tests="2" name="com.test.VerifyLoginPage" time="2.799" errors="0" timestamp="2024-11-09T14:56:38 IST" skipped="0">
  <testcase classname="com.test.VerifyLoginPage" name="verifyLoginPage" time="1.076"/>
  <system-out/>
  <testcase classname="com.test.VerifyLoginPage" name="verifyLoginPage" time="1.723"/>
  <system-out/>
</testsuite> <!-- com.test.VerifyLoginPage -->
